<?xml version="1.0" encoding="UTF-8"?>
<testsuite name="com.jwhisper.model.ModelCatalogTest" tests="2" skipped="0" failures="0" errors="0" timestamp="2026-06-14T06:55:21.461Z" hostname="Palaashs-MacBook-Pro.local" time="0.004">
  <properties/>
  <testcase name="catalogIncludesRequiredWhisperFilesForEveryModel()" classname="com.jwhisper.model.ModelCatalogTest" time="0.001"/>
  <testcase name="baseEnglishModelIsAvailableForTheDefaultUiChoice()" classname="com.jwhisper.model.ModelCatalogTest" time="0.001"/>
  <system-out><![CDATA[]]></system-out>
  <system-err><![CDATA[]]></system-err>
</testsuite>
